# JRE version: Java(TM) SE Runtime Environment (8.0_201-b09) (build 1.8.0_201-b09)
# Java VM: Java HotSpot(TM) Client VM (25.201-b09 mixed mode windows-x86 )
Heap:
 def new generation   total 132736K, used 126252K [0x04800000, 0x0d800000, 0x0f2a0000)
  eden space 118016K, 100% used [0x04800000, 0x0bb40000, 0x0bb40000)
  from space 14720K,  55% used [0x0bb40000, 0x0c34b370, 0x0c9a0000)
  to   space 14720K,  39% used [0x0c9a0000, 0x0cf3d248, 0x0d800000)
 tenured generation   total 294508K, used 165317K [0x0f2a0000, 0x2123b000, 0x24800000)
   the space 294508K,  56% used [0x0f2a0000, 0x19411458, 0x19411600, 0x2123b000)
 Metaspace       used 60124K, capacity 63155K, committed 63232K, reserved 63872K
GC Heap History (10 events):
Event: 29059.078 GC heap after
Heap after GC invocations=174 (full 6):
 def new generation   total 132736K, used 10499K [0x04800000, 0x0d800000, 0x0f2a0000)
  eden space 118016K,   0% used [0x04800000, 0x04800000, 0x0bb40000)
  from space 14720K,  71% used [0x0bb40000, 0x0c580d40, 0x0c9a0000)
  to   space 14720K,   0% used [0x0c9a0000, 0x0c9a0000, 0x0d800000)
 tenured generation   total 294508K, used 152162K [0x0f2a0000, 0x2123b000, 0x24800000)
   the space 294508K,  51% used [0x0f2a0000, 0x18738bc0, 0x18738c00, 0x2123b000)
 Metaspace       used 60124K, capacity 63155K, committed 63232K, reserved 63872K
}
Event: 29059.467 GC heap before
{Heap before GC invocations=174 (full 6):
 def new generation   total 132736K, used 128515K [0x04800000, 0x0d800000, 0x0f2a0000)
  eden space 118016K, 100% used [0x04800000, 0x0bb40000, 0x0bb40000)
  from space 14720K,  71% used [0x0bb40000, 0x0c580d40, 0x0c9a0000)
  to   space 14720K,   0% used [0x0c9a0000, 0x0c9a0000, 0x0d800000)
 tenured generation   total 294508K, used 152162K [0x0f2a0000, 0x2123b000, 0x24800000)
   the space 294508K,  51% used [0x0f2a0000, 0x18738bc0, 0x18738c00, 0x2123b000)
 Metaspace       used 60124K, capacity 63155K, committed 63232K, reserved 63872K
Event: 29059.693 GC heap after
Heap after GC invocations=175 (full 6):
 def new generation   total 132736K, used 5330K [0x04800000, 0x0d800000, 0x0f2a0000)
  eden space 118016K,   0% used [0x04800000, 0x04800000, 0x0bb40000)
  from space 14720K,  36% used [0x0c9a0000, 0x0ced4a20, 0x0d800000)
  to   space 14720K,   0% used [0x0bb40000, 0x0bb40000, 0x0c9a0000)
 tenured generation   total 294508K, used 156309K [0x0f2a0000, 0x2123b000, 0x24800000)
   the space 294508K,  53% used [0x0f2a0000, 0x18b45488, 0x18b45600, 0x2123b000)
 Metaspace       used 60124K, capacity 63155K, committed 63232K, reserved 63872K
}
Event: 29060.282 GC heap before
{Heap before GC invocations=175 (full 6):
 def new generation   total 132736K, used 123346K [0x04800000, 0x0d800000, 0x0f2a0000)
  eden space 118016K, 100% used [0x04800000, 0x0bb40000, 0x0bb40000)
  from space 14720K,  36% used [0x0c9a0000, 0x0ced4a20, 0x0d800000)
  to   space 14720K,   0% used [0x0bb40000, 0x0bb40000, 0x0c9a0000)
 tenured generation   total 294508K, used 156309K [0x0f2a0000, 0x2123b000, 0x24800000)
   the space 294508K,  53% used [0x0f2a0000, 0x18b45488, 0x18b45600, 0x2123b000)
 Metaspace       used 60124K, capacity 63155K, committed 63232K, reserved 63872K
Event: 29060.314 GC heap after
Heap after GC invocations=176 (full 6):
 def new generation   total 132736K, used 8839K [0x04800000, 0x0d800000, 0x0f2a0000)
  eden space 118016K,   0% used [0x04800000, 0x04800000, 0x0bb40000)
  from space 14720K,  60% used [0x0bb40000, 0x0c3e1cd8, 0x0c9a0000)
  to   space 14720K,   0% used [0x0c9a0000, 0x0c9a0000, 0x0d800000)
 tenured generation   total 294508K, used 156309K [0x0f2a0000, 0x2123b000, 0x24800000)
   the space 294508K,  53% used [0x0f2a0000, 0x18b45488, 0x18b45600, 0x2123b000)
 Metaspace       used 60124K, capacity 63155K, committed 63232K, reserved 63872K
}
Event: 29060.656 GC heap before
{Heap before GC invocations=176 (full 6):
 def new generation   total 132736K, used 126855K [0x04800000, 0x0d800000, 0x0f2a0000)
  eden space 118016K, 100% used [0x04800000, 0x0bb40000, 0x0bb40000)
  from space 14720K,  60% used [0x0bb40000, 0x0c3e1cd8, 0x0c9a0000)
  to   space 14720K,   0% used [0x0c9a0000, 0x0c9a0000, 0x0d800000)
 tenured generation   total 294508K, used 156309K [0x0f2a0000, 0x2123b000, 0x24800000)
   the space 294508K,  53% used [0x0f2a0000, 0x18b45488, 0x18b45600, 0x2123b000)
 Metaspace       used 60124K, capacity 63155K, committed 63232K, reserved 63872K
Event: 29060.731 GC heap after
Heap after GC invocations=177 (full 6):
 def new generation   total 132736K, used 10092K [0x04800000, 0x0d800000, 0x0f2a0000)
  eden space 118016K,   0% used [0x04800000, 0x04800000, 0x0bb40000)
  from space 14720K,  68% used [0x0c9a0000, 0x0d37b1e0, 0x0d800000)
  to   space 14720K,   0% used [0x0bb40000, 0x0bb40000, 0x0c9a0000)
 tenured generation   total 294508K, used 159263K [0x0f2a0000, 0x2123b000, 0x24800000)
   the space 294508K,  54% used [0x0f2a0000, 0x18e27da8, 0x18e27e00, 0x2123b000)
 Metaspace       used 60124K, capacity 63155K, committed 63232K, reserved 63872K
}
Event: 29061.044 GC heap before
{Heap before GC invocations=177 (full 6):
 def new generation   total 132736K, used 128108K [0x04800000, 0x0d800000, 0x0f2a0000)
  eden space 118016K, 100% used [0x04800000, 0x0bb40000, 0x0bb40000)
  from space 14720K,  68% used [0x0c9a0000, 0x0d37b1e0, 0x0d800000)
  to   space 14720K,   0% used [0x0bb40000, 0x0bb40000, 0x0c9a0000)
 tenured generation   total 294508K, used 159263K [0x0f2a0000, 0x2123b000, 0x24800000)
   the space 294508K,  54% used [0x0f2a0000, 0x18e27da8, 0x18e27e00, 0x2123b000)
 Metaspace       used 60124K, capacity 63155K, committed 63232K, reserved 63872K
Event: 29061.179 GC heap after
Heap after GC invocations=178 (full 6):
 def new generation   total 132736K, used 8236K [0x04800000, 0x0d800000, 0x0f2a0000)
  eden space 118016K,   0% used [0x04800000, 0x04800000, 0x0bb40000)
  from space 14720K,  55% used [0x0bb40000, 0x0c34b370, 0x0c9a0000)
  to   space 14720K,   0% used [0x0c9a0000, 0x0c9a0000, 0x0d800000)
 tenured generation   total 294508K, used 164641K [0x0f2a0000, 0x2123b000, 0x24800000)
   the space 294508K,  55% used [0x0f2a0000, 0x19368698, 0x19368800, 0x2123b000)
 Metaspace       used 60124K, capacity 63155K, committed 63232K, reserved 63872K
}
Event: 29061.495 GC heap before
{Heap before GC invocations=178 (full 6):
 def new generation   total 132736K, used 126252K [0x04800000, 0x0d800000, 0x0f2a0000)
  eden space 118016K, 100% used [0x04800000, 0x0bb40000, 0x0bb40000)
  from space 14720K,  55% used [0x0bb40000, 0x0c34b370, 0x0c9a0000)
  to   space 14720K,   0% used [0x0c9a0000, 0x0c9a0000, 0x0d800000)
 tenured generation   total 294508K, used 164641K [0x0f2a0000, 0x2123b000, 0x24800000)
   the space 294508K,  55% used [0x0f2a0000, 0x19368698, 0x19368800, 0x2123b000)
 Metaspace       used 60124K, capacity 63155K, committed 63232K, reserved 63872K

